{"meta": {"format": 3, "version": "7.13.1", "timestamp": "2026-01-19T18:10:37.382220", "branch_coverage": false, "show_contexts": false}, "files": {"core/__init__.py": {"executed_lines": [], "summary": {"covered_lines": 0, "num_statements": 0, "percent_covered": 100.0, "percent_covered_display": "100", "missing_lines": 0, "excluded_lines": 0, "percent_statements_covered": 100.0, "percent_statements_covered_display": "100"}, "missing_lines": [], "excluded_lines": [], "functions": {"": {"executed_lines": [], "summary": {"covered_lines": 0, "num_statements": 0, "percent_covered": 100.0, "percent_covered_display": "100", "missing_lines": 0, "excluded_lines": 0, "percent_statements_covered": 100.0, "percent_statements_covered_display": "100"}, "missing_lines": [], "excluded_lines": [], "start_line": 1}}, "classes": {"": {"executed_lines": [], "summary": {"covered_lines": 0, "num_statements": 0, "percent_covered": 100.0, "percent_covered_display": "100", "missing_lines": 0, "excluded_lines": 0, "percent_statements_covered": 100.0, "percent_statements_covered_display": "100"}, "missing_lines": [], "excluded_lines": [], "start_line": 1}}}, "core/character.py": {"executed_lines": [3, 4, 6, 9, 17, 37, 38, 39, 40, 42, 43, 44, 46, 47, 53, 55, 56, 57, 58, 61, 62, 63, 65, 67, 80, 81, 85, 86, 87, 88, 91, 92, 93, 95, 97, 98, 99, 101, 105, 107, 113, 114, 116, 119, 120, 125, 126, 128, 134, 135, 137, 143, 144, 145, 146, 147, 149, 157, 158, 159, 161, 164, 165, 167, 168, 170, 173, 174, 175], "summary": {"covered_lines": 69, "num_statements": 78, "percent_covered": 88.46153846153847, "percent_covered_display": "88", "missing_lines": 9, "excluded_lines": 0, "percent_statements_covered": 88.46153846153847, "percent_statements_covered_display": "88"}, "missing_lines": [48, 49, 50, 51, 82, 83, 121, 122, 123], "excluded_lines": [], "functions": {"Character.__init__": {"executed_lines": [37, 38, 39, 40, 42, 43, 44, 46, 47, 53, 55, 56, 57, 58, 61, 62, 63, 65], "summary": {"covered_lines": 18, "num_statements": 22, "percent_covered": 81.81818181818181, "percent_covered_display": "82", "missing_lines": 4, "excluded_lines": 0, "percent_statements_covered": 81.81818181818181, "percent_statements_covered_display": "82"}, "missing_lines": [48, 49, 50, 51], "excluded_lines": [], "start_line": 17}, "Character.respond": {"executed_lines": [80, 81, 85, 86, 87, 88, 91, 92, 93, 95, 97, 98, 99, 101, 105, 107, 113, 114], "summary": {"covered_lines": 18, "num_statements": 20, "percent_covered": 90.0, "percent_covered_display": "90", "missing_lines": 2, "excluded_lines": 0, "percent_statements_covered": 90.0, "percent_statements_covered_display": "90"}, "missing_lines": [82, 83], "excluded_lines": [], "start_line": 67}, "Character._build_system_prompt": {"executed_lines": [119, 120, 125, 126, 128, 134, 135], "summary": {"covered_lines": 7, "num_statements": 10, "percent_covered": 70.0, "percent_covered_display": "70", "missing_lines": 3, "excluded_lines": 0, "percent_statements_covered": 70.0, "percent_statements_covered_display": "70"}, "missing_lines": [121, 122, 123], "excluded_lines": [], "start_line": 116}, "Character._rewrite_query": {"executed_lines": [143, 144, 145, 146, 147, 149, 157, 158, 159], "summary": {"covered_lines": 9, "num_statements": 9, "percent_covered": 100.0, "percent_covered_display": "100", "missing_lines": 0, "excluded_lines": 0, "percent_statements_covered": 100.0, "percent_statements_covered_display": "100"}, "missing_lines": [], "excluded_lines": [], "start_line": 137}, "Character._update_history": {"executed_lines": [164, 165, 167, 168], "summary": {"covered_lines": 4, "num_statements": 4, "percent_covered": 100.0, "percent_covered_display": "100", "missing_lines": 0, "excluded_lines": 0, "percent_statements_covered": 100.0, "percent_statements_covered_display": "100"}, "missing_lines": [], "excluded_lines": [], "start_line": 161}, "Character.clear_history": {"executed_lines": [173, 174, 175], "summary": {"covered_lines": 3, "num_statements": 3, "percent_covered": 100.0, "percent_covered_display": "100", "missing_lines": 0, "excluded_lines": 0, "percent_statements_covered": 100.0, "percent_statements_covered_display": "100"}, "missing_lines": [], "excluded_lines": [], "start_line": 170}, "": {"executed_lines": [3, 4, 6, 9, 17, 67, 116, 137, 161, 170], "summary": {"covered_lines": 10, "num_statements": 10, "percent_covered": 100.0, "percent_covered_display": "100", "missing_lines": 0, "excluded_lines": 0, "percent_statements_covered": 100.0, "percent_statements_covered_display": "100"}, "missing_lines": [], "excluded_lines": [], "start_line": 1}}, "classes": {"Character": {"executed_lines": [37, 38, 39, 40, 42, 43, 44, 46, 47, 53, 55, 56, 57, 58, 61, 62, 63, 65, 80, 81, 85, 86, 87, 88, 91, 92, 93, 95, 97, 98, 99, 101, 105, 107, 113, 114, 119, 120, 125, 126, 128, 134, 135, 143, 144, 145, 146, 147, 149, 157, 158, 159, 164, 165, 167, 168, 173, 174, 175], "summary": {"covered_lines": 59, "num_statements": 68, "percent_covered": 86.76470588235294, "percent_covered_display": "87", "missing_lines": 9, "excluded_lines": 0, "percent_statements_covered": 86.76470588235294, "percent_statements_covered_display": "87"}, "missing_lines": [48, 49, 50, 51, 82, 83, 121, 122, 123], "excluded_lines": [], "start_line": 9}, "": {"executed_lines": [3, 4, 6, 9, 17, 67, 116, 137, 161, 170], "summary": {"covered_lines": 10, "num_statements": 10, "percent_covered": 100.0, "percent_covered_display": "100", "missing_lines": 0, "excluded_lines": 0, "percent_statements_covered": 100.0, "percent_statements_covered_display": "100"}, "missing_lines": [], "excluded_lines": [], "start_line": 1}}}, "core/conversation_logger.py": {"executed_lines": [3, 5, 6, 7, 10, 13, 19, 20, 21, 22, 24, 33, 34, 37, 43, 44, 46, 61, 62, 64, 66, 67, 69, 70, 72, 73, 75, 82, 83, 85, 86, 87, 88, 89, 91, 92, 94, 107, 110, 112, 118, 119, 120, 121, 123, 125, 126, 128, 130, 131, 133, 139, 140, 142, 143, 145, 146, 148, 149, 150, 151, 153, 154, 156], "summary": {"covered_lines": 64, "num_statements": 65, "percent_covered": 98.46153846153847, "percent_covered_display": "98", "missing_lines": 1, "excluded_lines": 0, "percent_statements_covered": 98.46153846153847, "percent_statements_covered_display": "98"}, "missing_lines": [108], "excluded_lines": [], "functions": {"ConversationLogger.__init__": {"executed_lines": [19, 20, 21, 22], "summary": {"covered_lines": 4, "num_statements": 4, "percent_covered": 100.0, "percent_covered_display": "100", "missing_lines": 0, "excluded_lines": 0, "percent_statements_covered": 100.0, "percent_statements_covered_display": "100"}, "missing_lines": [], "excluded_lines": [], "start_line": 13}, "ConversationLogger.start_session": {"executed_lines": [33, 34, 37, 43, 44], "summary": {"covered_lines": 5, "num_statements": 5, "percent_covered": 100.0, "percent_covered_display": "100", "missing_lines": 0, "excluded_lines": 0, "percent_statements_covered": 100.0, "percent_statements_covered_display": "100"}, "missing_lines": [], "excluded_lines": [], "start_line": 24}, "ConversationLogger.log_message": {"executed_lines": [61, 62, 64, 66, 67, 69, 70, 72, 73], "summary": {"covered_lines": 9, "num_statements": 9, "percent_covered": 100.0, "percent_covered_display": "100", "missing_lines": 0, "excluded_lines": 0, "percent_statements_covered": 100.0, "percent_statements_covered_display": "100"}, "missing_lines": [], "excluded_lines": [], "start_line": 46}, "ConversationLogger.log_command": {"executed_lines": [82, 83, 85, 86, 87, 88, 89, 91, 92], "summary": {"covered_lines": 9, "num_statements": 9, "percent_covered": 100.0, "percent_covered_display": "100", "missing_lines": 0, "excluded_lines": 0, "percent_statements_covered": 100.0, "percent_statements_covered_display": "100"}, "missing_lines": [], "excluded_lines": [], "start_line": 75}, "ConversationLogger.log_duo_dialogue": {"executed_lines": [107, 110, 112, 118, 119, 120, 121, 123, 125, 126, 128, 130, 131], "summary": {"covered_lines": 13, "num_statements": 14, "percent_covered": 92.85714285714286, "percent_covered_display": "93", "missing_lines": 1, "excluded_lines": 0, "percent_statements_covered": 92.85714285714286, "percent_statements_covered_display": "93"}, "missing_lines": [108], "excluded_lines": [], "start_line": 94}, "ConversationLogger.end_session": {"executed_lines": [139, 140, 142, 143, 145, 146, 148, 149, 150, 151], "summary": {"covered_lines": 10, "num_statements": 10, "percent_covered": 100.0, "percent_covered_display": "100", "missing_lines": 0, "excluded_lines": 0, "percent_statements_covered": 100.0, "percent_statements_covered_display": "100"}, "missing_lines": [], "excluded_lines": [], "start_line": 133}, "ConversationLogger.current_log_path": {"executed_lines": [156], "summary": {"covered_lines": 1, "num_statements": 1, "percent_covered": 100.0, "percent_covered_display": "100", "missing_lines": 0, "excluded_lines": 0, "percent_statements_covered": 100.0, "percent_statements_covered_display": "100"}, "missing_lines": [], "excluded_lines": [], "start_line": 154}, "": {"executed_lines": [3, 5, 6, 7, 10, 13, 24, 46, 75, 94, 133, 153, 154], "summary": {"covered_lines": 13, "num_statements": 13, "percent_covered": 100.0, "percent_covered_display": "100", "missing_lines": 0, "excluded_lines": 0, "percent_statements_covered": 100.0, "percent_statements_covered_display": "100"}, "missing_lines": [], "excluded_lines": [], "start_line": 1}}, "classes": {"ConversationLogger": {"executed_lines": [19, 20, 21, 22, 33, 34, 37, 43, 44, 61, 62, 64, 66, 67, 69, 70, 72, 73, 82, 83, 85, 86, 87, 88, 89, 91, 92, 107, 110, 112, 118, 119, 120, 121, 123, 125, 126, 128, 130, 131, 139, 140, 142, 143, 145, 146, 148, 149, 150, 151, 156], "summary": {"covered_lines": 51, "num_statements": 52, "percent_covered": 98.07692307692308, "percent_covered_display": "98", "missing_lines": 1, "excluded_lines": 0, "percent_statements_covered": 98.07692307692308, "percent_statements_covered_display": "98"}, "missing_lines": [108], "excluded_lines": [], "start_line": 10}, "": {"executed_lines": [3, 5, 6, 7, 10, 13, 24, 46, 75, 94, 133, 153, 154], "summary": {"covered_lines": 13, "num_statements": 13, "percent_covered": 100.0, "percent_covered_display": "100", "missing_lines": 0, "excluded_lines": 0, "percent_statements_covered": 100.0, "percent_statements_covered_display": "100"}, "missing_lines": [], "excluded_lines": [], "start_line": 1}}}, "core/duo_dialogue.py": {"executed_lines": [3, 5, 6, 7, 14, 23, 30, 38, 43, 50, 62, 63, 66, 67, 68, 69, 72, 73, 74, 75, 77, 80, 83, 84, 85, 86, 87, 90, 91, 97, 98, 99, 102, 103, 104, 105, 108, 109, 110, 111, 112, 114, 116, 117, 118, 119, 123, 124, 126, 132, 133, 134, 135, 137, 143, 144, 146, 148, 152, 154, 156, 162, 163, 164, 166, 167, 168, 170, 172, 181, 185, 186, 189, 190, 191, 192, 196, 202, 204, 205, 206, 208, 209, 210, 211, 213, 214, 216, 218, 224, 225, 227, 229, 239, 241, 242, 243, 244, 246, 247, 248, 249, 251, 255, 256, 257, 259, 261, 268, 277, 280, 283, 284, 286, 289, 290, 292, 294, 297, 299, 301, 302, 304, 305, 307, 308, 309, 310, 312, 313, 314, 316, 317, 318, 320, 323, 324, 325, 326, 327, 328, 330], "summary": {"covered_lines": 142, "num_statements": 144, "percent_covered": 98.61111111111111, "percent_covered_display": "99", "missing_lines": 2, "excluded_lines": 2, "percent_statements_covered": 98.61111111111111, "percent_statements_covered_display": "99"}, "missing_lines": [182, 194], "excluded_lines": [9, 10], "functions": {"validate_response_quality": {"executed_lines": [62, 63, 66, 67, 68, 69, 72, 73, 74, 75, 77], "summary": {"covered_lines": 11, "num_statements": 11, "percent_covered": 100.0, "percent_covered_display": "100", "missing_lines": 0, "excluded_lines": 0, "percent_statements_covered": 100.0, "percent_statements_covered_display": "100"}, "missing_lines": [], "excluded_lines": [], "start_line": 50}, "DuoDialogueManager.__post_init__": {"executed_lines": [116, 117, 118, 119, 123, 124], "summary": {"covered_lines": 6, "num_statements": 6, "percent_covered": 100.0, "percent_covered_display": "100", "missing_lines": 0, "excluded_lines": 0, "percent_statements_covered": 100.0, "percent_statements_covered_display": "100"}, "missing_lines": [], "excluded_lines": [], "start_line": 114}, "DuoDialogueManager.start_dialogue": {"executed_lines": [132, 133, 134, 135], "summary": {"covered_lines": 4, "num_statements": 4, "percent_covered": 100.0, "percent_covered_display": "100", "missing_lines": 0, "excluded_lines": 0, "percent_statements_covered": 100.0, "percent_statements_covered_display": "100"}, "missing_lines": [], "excluded_lines": [], "start_line": 126}, "DuoDialogueManager.next_turn": {"executed_lines": [143, 144, 146, 148, 152, 154], "summary": {"covered_lines": 6, "num_statements": 6, "percent_covered": 100.0, "percent_covered_display": "100", "missing_lines": 0, "excluded_lines": 0, "percent_statements_covered": 100.0, "percent_statements_covered_display": "100"}, "missing_lines": [], "excluded_lines": [], "start_line": 137}, "DuoDialogueManager.should_continue": {"executed_lines": [162, 163, 164, 166, 167, 168, 170], "summary": {"covered_lines": 7, "num_statements": 7, "percent_covered": 100.0, "percent_covered_display": "100", "missing_lines": 0, "excluded_lines": 0, "percent_statements_covered": 100.0, "percent_statements_covered_display": "100"}, "missing_lines": [], "excluded_lines": [], "start_line": 156}, "DuoDialogueManager.check_convergence": {"executed_lines": [181, 185, 186, 189, 190, 191, 192], "summary": {"covered_lines": 7, "num_statements": 9, "percent_covered": 77.77777777777777, "percent_covered_display": "78", "missing_lines": 2, "excluded_lines": 0, "percent_statements_covered": 77.77777777777777, "percent_statements_covered_display": "78"}, "missing_lines": [182, 194], "excluded_lines": [], "start_line": 172}, "DuoDialogueManager.get_summary": {"executed_lines": [202, 204, 205, 206, 208, 209, 210, 211, 213, 214, 216], "summary": {"covered_lines": 11, "num_statements": 11, "percent_covered": 100.0, "percent_covered_display": "100", "missing_lines": 0, "excluded_lines": 0, "percent_statements_covered": 100.0, "percent_statements_covered_display": "100"}, "missing_lines": [], "excluded_lines": [], "start_line": 196}, "DuoDialogueManager._get_current_speaker": {"executed_lines": [224, 225, 227], "summary": {"covered_lines": 3, "num_statements": 3, "percent_covered": 100.0, "percent_covered_display": "100", "missing_lines": 0, "excluded_lines": 0, "percent_statements_covered": 100.0, "percent_statements_covered_display": "100"}, "missing_lines": [], "excluded_lines": [], "start_line": 218}, "DuoDialogueManager.get_quality_report": {"executed_lines": [239, 241, 242, 243, 244, 246, 247, 248, 249, 251, 255, 256, 257, 259, 261], "summary": {"covered_lines": 15, "num_statements": 15, "percent_covered": 100.0, "percent_covered_display": "100", "missing_lines": 0, "excluded_lines": 0, "percent_statements_covered": 100.0, "percent_statements_covered_display": "100"}, "missing_lines": [], "excluded_lines": [], "start_line": 229}, "DuoDialogueManager._build_context_for_speaker": {"executed_lines": [277, 280, 283, 284, 286, 289, 290, 292, 294, 297, 299, 301, 302, 304, 305, 307, 308, 309, 310, 312, 313, 314, 316, 317, 318, 320, 323, 324, 325, 326, 327, 328, 330], "summary": {"covered_lines": 33, "num_statements": 33, "percent_covered": 100.0, "percent_covered_display": "100", "missing_lines": 0, "excluded_lines": 0, "percent_statements_covered": 100.0, "percent_statements_covered_display": "100"}, "missing_lines": [], "excluded_lines": [], "start_line": 268}, "": {"executed_lines": [3, 5, 6, 7, 14, 23, 30, 38, 43, 50, 80, 83, 84, 85, 86, 87, 90, 91, 97, 98, 99, 102, 103, 104, 105, 108, 109, 110, 111, 112, 114, 126, 137, 156, 172, 196, 218, 229, 268], "summary": {"covered_lines": 39, "num_statements": 39, "percent_covered": 100.0, "percent_covered_display": "100", "missing_lines": 0, "excluded_lines": 2, "percent_statements_covered": 100.0, "percent_statements_covered_display": "100"}, "missing_lines": [], "excluded_lines": [9, 10], "start_line": 1}}, "classes": {"DialogueState": {"executed_lines": [], "summary": {"covered_lines": 0, "num_statements": 0, "percent_covered": 100.0, "percent_covered_display": "100", "missing_lines": 0, "excluded_lines": 0, "percent_statements_covered": 100.0, "percent_statements_covered_display": "100"}, "missing_lines": [], "excluded_lines": [], "start_line": 80}, "DuoDialogueManager": {"executed_lines": [116, 117, 118, 119, 123, 124, 132, 133, 134, 135, 143, 144, 146, 148, 152, 154, 162, 163, 164, 166, 167, 168, 170, 181, 185, 186, 189, 190, 191, 192, 202, 204, 205, 206, 208, 209, 210, 211, 213, 214, 216, 224, 225, 227, 239, 241, 242, 243, 244, 246, 247, 248, 249, 251, 255, 256, 257, 259, 261, 277, 280, 283, 284, 286, 289, 290, 292, 294, 297, 299, 301, 302, 304, 305, 307, 308, 309, 310, 312, 313, 314, 316, 317, 318, 320, 323, 324, 325, 326, 327, 328, 330], "summary": {"covered_lines": 92, "num_statements": 94, "percent_covered": 97.87234042553192, "percent_covered_display": "98", "missing_lines": 2, "excluded_lines": 0, "percent_statements_covered": 97.87234042553192, "percent_statements_covered_display": "98"}, "missing_lines": [182, 194], "excluded_lines": [], "start_line": 91}, "": {"executed_lines": [3, 5, 6, 7, 14, 23, 30, 38, 43, 50, 62, 63, 66, 67, 68, 69, 72, 73, 74, 75, 77, 80, 83, 84, 85, 86, 87, 90, 91, 97, 98, 99, 102, 103, 104, 105, 108, 109, 110, 111, 112, 114, 126, 137, 156, 172, 196, 218, 229, 268], "summary": {"covered_lines": 50, "num_statements": 50, "percent_covered": 100.0, "percent_covered_display": "100", "missing_lines": 0, "excluded_lines": 2, "percent_statements_covered": 100.0, "percent_statements_covered_display": "100"}, "missing_lines": [], "excluded_lines": [9, 10], "start_line": 1}}}, "core/ollama_client.py": {"executed_lines": [3, 4, 5, 6, 7, 10, 24, 38, 39, 40, 41, 44, 50, 52, 77, 78, 79, 85, 87, 88, 92, 94, 95, 96, 98, 99, 104, 118, 119, 120, 126, 133, 135, 139, 143, 150, 151, 153, 155], "summary": {"covered_lines": 39, "num_statements": 45, "percent_covered": 86.66666666666667, "percent_covered_display": "87", "missing_lines": 6, "excluded_lines": 0, "percent_statements_covered": 86.66666666666667, "percent_statements_covered_display": "87"}, "missing_lines": [102, 122, 123, 124, 140, 141], "excluded_lines": [], "functions": {"OllamaClient.__init__": {"executed_lines": [38, 39, 40, 41, 44, 50], "summary": {"covered_lines": 6, "num_statements": 6, "percent_covered": 100.0, "percent_covered_display": "100", "missing_lines": 0, "excluded_lines": 0, "percent_statements_covered": 100.0, "percent_statements_covered_display": "100"}, "missing_lines": [], "excluded_lines": [], "start_line": 24}, "OllamaClient.generate": {"executed_lines": [77, 78, 79, 85, 87, 88, 92, 94, 95, 96, 98, 99], "summary": {"covered_lines": 12, "num_statements": 13, "percent_covered": 92.3076923076923, "percent_covered_display": "92", "missing_lines": 1, "excluded_lines": 0, "percent_statements_covered": 92.3076923076923, "percent_statements_covered_display": "92"}, "missing_lines": [102], "excluded_lines": [], "start_line": 52}, "OllamaClient.embed": {"executed_lines": [118, 119, 120], "summary": {"covered_lines": 3, "num_statements": 6, "percent_covered": 50.0, "percent_covered_display": "50", "missing_lines": 3, "excluded_lines": 0, "percent_statements_covered": 50.0, "percent_statements_covered_display": "50"}, "missing_lines": [122, 123, 124], "excluded_lines": [], "start_line": 104}, "OllamaClient.is_healthy": {"executed_lines": [133, 135, 139], "summary": {"covered_lines": 3, "num_statements": 5, "percent_covered": 60.0, "percent_covered_display": "60", "missing_lines": 2, "excluded_lines": 0, "percent_statements_covered": 60.0, "percent_statements_covered_display": "60"}, "missing_lines": [140, 141], "excluded_lines": [], "start_line": 126}, "OllamaClient.set_model": {"executed_lines": [150, 151], "summary": {"covered_lines": 2, "num_statements": 2, "percent_covered": 100.0, "percent_covered_display": "100", "missing_lines": 0, "excluded_lines": 0, "percent_statements_covered": 100.0, "percent_statements_covered_display": "100"}, "missing_lines": [], "excluded_lines": [], "start_line": 143}, "OllamaClient.get_model": {"executed_lines": [155], "summary": {"covered_lines": 1, "num_statements": 1, "percent_covered": 100.0, "percent_covered_display": "100", "missing_lines": 0, "excluded_lines": 0, "percent_statements_covered": 100.0, "percent_statements_covered_display": "100"}, "missing_lines": [], "excluded_lines": [], "start_line": 153}, "": {"executed_lines": [3, 4, 5, 6, 7, 10, 24, 52, 104, 126, 143, 153], "summary": {"covered_lines": 12, "num_statements": 12, "percent_covered": 100.0, "percent_covered_display": "100", "missing_lines": 0, "excluded_lines": 0, "percent_statements_covered": 100.0, "percent_statements_covered_display": "100"}, "missing_lines": [], "excluded_lines": [], "start_line": 1}}, "classes": {"OllamaClient": {"executed_lines": [38, 39, 40, 41, 44, 50, 77, 78, 79, 85, 87, 88, 92, 94, 95, 96, 98, 99, 118, 119, 120, 133, 135, 139, 150, 151, 155], "summary": {"covered_lines": 27, "num_statements": 33, "percent_covered": 81.81818181818181, "percent_covered_display": "82", "missing_lines": 6, "excluded_lines": 0, "percent_statements_covered": 81.81818181818181, "percent_statements_covered_display": "82"}, "missing_lines": [102, 122, 123, 124, 140, 141], "excluded_lines": [], "start_line": 10}, "": {"executed_lines": [3, 4, 5, 6, 7, 10, 24, 52, 104, 126, 143, 153], "summary": {"covered_lines": 12, "num_statements": 12, "percent_covered": 100.0, "percent_covered_display": "100", "missing_lines": 0, "excluded_lines": 0, "percent_statements_covered": 100.0, "percent_statements_covered_display": "100"}, "missing_lines": [], "excluded_lines": [], "start_line": 1}}}, "core/prompt_builder.py": {"executed_lines": [3, 5, 6, 7, 9, 13, 39, 42, 43, 75, 76, 91, 92, 95, 96, 97, 98, 99, 100, 101, 102, 103, 106, 109, 110, 123, 126, 127, 129, 130, 132, 134, 136, 138, 141, 143, 146, 148, 150, 152, 154, 157, 160, 161, 164, 167, 168, 169, 170, 171, 174, 182, 183, 184, 191, 194, 195, 196, 198, 199, 202, 203, 204, 205, 206, 208, 209, 210, 211, 212, 213, 214, 217, 218, 219, 220, 221, 224, 225, 226, 228, 229, 232, 235, 238, 239, 240, 242, 243, 244, 245, 248, 249, 250, 251, 254, 258, 259, 261], "summary": {"covered_lines": 99, "num_statements": 109, "percent_covered": 90.8256880733945, "percent_covered_display": "91", "missing_lines": 10, "excluded_lines": 0, "percent_statements_covered": 90.8256880733945, "percent_statements_covered_display": "91"}, "missing_lines": [88, 135, 137, 139, 142, 147, 149, 151, 153, 255], "excluded_lines": [], "functions": {"get_character_constraints": {"executed_lines": [42, 43, 75, 76], "summary": {"covered_lines": 4, "num_statements": 5, "percent_covered": 80.0, "percent_covered_display": "80", "missing_lines": 1, "excluded_lines": 0, "percent_statements_covered": 80.0, "percent_statements_covered_display": "80"}, "missing_lines": [88], "excluded_lines": [], "start_line": 39}, "load_persona": {"executed_lines": [109, 110], "summary": {"covered_lines": 2, "num_statements": 2, "percent_covered": 100.0, "percent_covered_display": "100", "missing_lines": 0, "excluded_lines": 0, "percent_statements_covered": 100.0, "percent_statements_covered_display": "100"}, "missing_lines": [], "excluded_lines": [], "start_line": 106}, "guess_state": {"executed_lines": [126, 127, 129, 132, 134, 136, 138, 141, 143, 146, 148, 150, 152, 154], "summary": {"covered_lines": 14, "num_statements": 22, "percent_covered": 63.63636363636363, "percent_covered_display": "64", "missing_lines": 8, "excluded_lines": 0, "percent_statements_covered": 63.63636363636363, "percent_statements_covered_display": "64"}, "missing_lines": [135, 137, 139, 142, 147, 149, 151, 153], "excluded_lines": [], "start_line": 123}, "guess_state._match": {"executed_lines": [130], "summary": {"covered_lines": 1, "num_statements": 1, "percent_covered": 100.0, "percent_covered_display": "100", "missing_lines": 0, "excluded_lines": 0, "percent_statements_covered": 100.0, "percent_statements_covered_display": "100"}, "missing_lines": [], "excluded_lines": [], "start_line": 129}, "load_few_shot_patterns": {"executed_lines": [160, 161], "summary": {"covered_lines": 2, "num_statements": 2, "percent_covered": 100.0, "percent_covered_display": "100", "missing_lines": 0, "excluded_lines": 0, "percent_statements_covered": 100.0, "percent_statements_covered_display": "100"}, "missing_lines": [], "excluded_lines": [], "start_line": 157}, "select_few_shot": {"executed_lines": [167, 168, 169, 170, 171], "summary": {"covered_lines": 5, "num_statements": 5, "percent_covered": 100.0, "percent_covered_display": "100", "missing_lines": 0, "excluded_lines": 0, "percent_statements_covered": 100.0, "percent_statements_covered_display": "100"}, "missing_lines": [], "excluded_lines": [], "start_line": 164}, "build_system_prompt": {"executed_lines": [182, 183, 184, 191, 194, 195, 196, 198, 199, 202, 203, 204, 205, 206, 208, 209, 210, 211, 212, 213, 214, 217, 218, 219, 220, 221, 224, 225, 226, 228, 229, 232, 235, 238, 239, 240, 242, 243, 244, 245, 248, 249, 250, 251, 254, 258, 259, 261], "summary": {"covered_lines": 48, "num_statements": 49, "percent_covered": 97.95918367346938, "percent_covered_display": "98", "missing_lines": 1, "excluded_lines": 0, "percent_statements_covered": 97.95918367346938, "percent_statements_covered_display": "98"}, "missing_lines": [255], "excluded_lines": [], "start_line": 174}, "": {"executed_lines": [3, 5, 6, 7, 9, 13, 39, 91, 92, 95, 96, 97, 98, 99, 100, 101, 102, 103, 106, 123, 157, 164, 174], "summary": {"covered_lines": 23, "num_statements": 23, "percent_covered": 100.0, "percent_covered_display": "100", "missing_lines": 0, "excluded_lines": 0, "percent_statements_covered": 100.0, "percent_statements_covered_display": "100"}, "missing_lines": [], "excluded_lines": [], "start_line": 1}}, "classes": {"Persona": {"executed_lines": [], "summary": {"covered_lines": 0, "num_statements": 0, "percent_covered": 100.0, "percent_covered_display": "100", "missing_lines": 0, "excluded_lines": 0, "percent_statements_covered": 100.0, "percent_statements_covered_display": "100"}, "missing_lines": [], "excluded_lines": [], "start_line": 92}, "": {"executed_lines": [3, 5, 6, 7, 9, 13, 39, 42, 43, 75, 76, 91, 92, 95, 96, 97, 98, 99, 100, 101, 102, 103, 106, 109, 110, 123, 126, 127, 129, 130, 132, 134, 136, 138, 141, 143, 146, 148, 150, 152, 154, 157, 160, 161, 164, 167, 168, 169, 170, 171, 174, 182, 183, 184, 191, 194, 195, 196, 198, 199, 202, 203, 204, 205, 206, 208, 209, 210, 211, 212, 213, 214, 217, 218, 219, 220, 221, 224, 225, 226, 228, 229, 232, 235, 238, 239, 240, 242, 243, 244, 245, 248, 249, 250, 251, 254, 258, 259, 261], "summary": {"covered_lines": 99, "num_statements": 109, "percent_covered": 90.8256880733945, "percent_covered_display": "91", "missing_lines": 10, "excluded_lines": 0, "percent_statements_covered": 90.8256880733945, "percent_statements_covered_display": "91"}, "missing_lines": [88, 135, 137, 139, 142, 147, 149, 151, 153, 255], "excluded_lines": [], "start_line": 1}}}, "core/rag_engine.py": {"executed_lines": [3, 4, 5, 6, 7, 8, 11, 25, 37, 38, 39, 42, 43, 46, 51, 53, 62, 66, 67, 70, 71, 72, 73, 76, 83, 85, 115, 116, 119, 122, 129, 130, 131, 132, 134, 135, 136, 144, 145, 147, 162, 168, 171, 172, 175, 176, 177, 179, 180, 181, 183, 184, 186, 187, 188, 189, 192, 193, 196, 197, 198, 201, 202, 207, 227, 231, 233, 234, 236, 241, 242, 245, 248, 249, 250, 251, 252, 255, 257, 259, 274, 276, 277, 279, 280, 281, 282, 283, 286, 287, 288, 289, 290, 291, 292, 294, 296, 297, 299], "summary": {"covered_lines": 99, "num_statements": 105, "percent_covered": 94.28571428571429, "percent_covered_display": "94", "missing_lines": 6, "excluded_lines": 1, "percent_statements_covered": 94.28571428571429, "percent_statements_covered_display": "94"}, "missing_lines": [63, 205, 228, 229, 237, 238], "excluded_lines": [92], "functions": {"RAGEngine.__init__": {"executed_lines": [37, 38, 39, 42, 43, 46, 51], "summary": {"covered_lines": 7, "num_statements": 7, "percent_covered": 100.0, "percent_covered_display": "100", "missing_lines": 0, "excluded_lines": 0, "percent_statements_covered": 100.0, "percent_statements_covered_display": "100"}, "missing_lines": [], "excluded_lines": [], "start_line": 25}, "RAGEngine.add_knowledge": {"executed_lines": [62, 66, 67, 70, 71, 72, 73, 76, 83], "summary": {"covered_lines": 9, "num_statements": 10, "percent_covered": 90.0, "percent_covered_display": "90", "missing_lines": 1, "excluded_lines": 0, "percent_statements_covered": 90.0, "percent_statements_covered_display": "90"}, "missing_lines": [63], "excluded_lines": [], "start_line": 53}, "RAGEngine.search": {"executed_lines": [115, 116, 119, 122, 129, 130, 131, 132, 134, 135, 136, 144, 145], "summary": {"covered_lines": 13, "num_statements": 13, "percent_covered": 100.0, "percent_covered_display": "100", "missing_lines": 0, "excluded_lines": 1, "percent_statements_covered": 100.0, "percent_statements_covered_display": "100"}, "missing_lines": [], "excluded_lines": [92], "start_line": 85}, "RAGEngine.extract_perspective": {"executed_lines": [162, 168, 171, 172, 175, 176, 177, 179, 180, 181, 183, 184, 186, 187, 188, 189, 192, 193, 196, 197, 198, 201, 202], "summary": {"covered_lines": 23, "num_statements": 24, "percent_covered": 95.83333333333333, "percent_covered_display": "96", "missing_lines": 1, "excluded_lines": 0, "percent_statements_covered": 95.83333333333333, "percent_statements_covered_display": "96"}, "missing_lines": [205], "excluded_lines": [], "start_line": 147}, "RAGEngine.init_from_files": {"executed_lines": [227, 231, 233, 234, 236, 241, 242, 245, 248, 249, 250, 251, 252, 255, 257], "summary": {"covered_lines": 15, "num_statements": 19, "percent_covered": 78.94736842105263, "percent_covered_display": "79", "missing_lines": 4, "excluded_lines": 0, "percent_statements_covered": 78.94736842105263, "percent_statements_covered_display": "79"}, "missing_lines": [228, 229, 237, 238], "excluded_lines": [], "start_line": 207}, "RAGEngine._chunk_text": {"executed_lines": [274, 276, 277, 279, 280, 281, 282, 283, 286, 287, 288, 289, 290, 291, 292, 294, 296, 297, 299], "summary": {"covered_lines": 19, "num_statements": 19, "percent_covered": 100.0, "percent_covered_display": "100", "missing_lines": 0, "excluded_lines": 0, "percent_statements_covered": 100.0, "percent_statements_covered_display": "100"}, "missing_lines": [], "excluded_lines": [], "start_line": 259}, "": {"executed_lines": [3, 4, 5, 6, 7, 8, 11, 25, 53, 85, 147, 207, 259], "summary": {"covered_lines": 13, "num_statements": 13, "percent_covered": 100.0, "percent_covered_display": "100", "missing_lines": 0, "excluded_lines": 0, "percent_statements_covered": 100.0, "percent_statements_covered_display": "100"}, "missing_lines": [], "excluded_lines": [], "start_line": 1}}, "classes": {"RAGEngine": {"executed_lines": [37, 38, 39, 42, 43, 46, 51, 62, 66, 67, 70, 71, 72, 73, 76, 83, 115, 116, 119, 122, 129, 130, 131, 132, 134, 135, 136, 144, 145, 162, 168, 171, 172, 175, 176, 177, 179, 180, 181, 183, 184, 186, 187, 188, 189, 192, 193, 196, 197, 198, 201, 202, 227, 231, 233, 234, 236, 241, 242, 245, 248, 249, 250, 251, 252, 255, 257, 274, 276, 277, 279, 280, 281, 282, 283, 286, 287, 288, 289, 290, 291, 292, 294, 296, 297, 299], "summary": {"covered_lines": 86, "num_statements": 92, "percent_covered": 93.47826086956522, "percent_covered_display": "93", "missing_lines": 6, "excluded_lines": 1, "percent_statements_covered": 93.47826086956522, "percent_statements_covered_display": "93"}, "missing_lines": [63, 205, 228, 229, 237, 238], "excluded_lines": [92], "start_line": 11}, "": {"executed_lines": [3, 4, 5, 6, 7, 8, 11, 25, 53, 85, 147, 207, 259], "summary": {"covered_lines": 13, "num_statements": 13, "percent_covered": 100.0, "percent_covered_display": "100", "missing_lines": 0, "excluded_lines": 0, "percent_statements_covered": 100.0, "percent_statements_covered_display": "100"}, "missing_lines": [], "excluded_lines": [], "start_line": 1}}}}, "totals": {"covered_lines": 512, "num_statements": 546, "percent_covered": 93.77289377289377, "percent_covered_display": "94", "missing_lines": 34, "excluded_lines": 3, "percent_statements_covered": 93.77289377289377, "percent_statements_covered_display": "94"}}