{"meta": {"format": 3, "version": "7.13.1", "timestamp": "2026-01-19T11:43:09.309979", "branch_coverage": false, "show_contexts": false}, "files": {"core/__init__.py": {"executed_lines": [], "summary": {"covered_lines": 0, "num_statements": 0, "percent_covered": 100.0, "percent_covered_display": "100", "missing_lines": 0, "excluded_lines": 0, "percent_statements_covered": 100.0, "percent_statements_covered_display": "100"}, "missing_lines": [], "excluded_lines": [], "functions": {"": {"executed_lines": [], "summary": {"covered_lines": 0, "num_statements": 0, "percent_covered": 100.0, "percent_covered_display": "100", "missing_lines": 0, "excluded_lines": 0, "percent_statements_covered": 100.0, "percent_statements_covered_display": "100"}, "missing_lines": [], "excluded_lines": [], "start_line": 1}}, "classes": {"": {"executed_lines": [], "summary": {"covered_lines": 0, "num_statements": 0, "percent_covered": 100.0, "percent_covered_display": "100", "missing_lines": 0, "excluded_lines": 0, "percent_statements_covered": 100.0, "percent_statements_covered_display": "100"}, "missing_lines": [], "excluded_lines": [], "start_line": 1}}}, "core/character.py": {"executed_lines": [3, 4, 6, 9, 17, 37, 38, 39, 40, 42, 43, 44, 46, 47, 53, 55, 56, 57, 58, 61, 62, 63, 65, 67, 80, 81, 85, 86, 87, 88, 89, 90, 91, 93, 95, 96, 97, 99, 103, 105, 111, 112, 114, 117, 118, 123, 124, 126, 132, 133, 135, 141, 142, 143, 144, 145, 147, 155, 156, 157, 159, 162, 163, 165, 166, 168, 171, 172, 173], "summary": {"covered_lines": 69, "num_statements": 78, "percent_covered": 88.46153846153847, "percent_covered_display": "88", "missing_lines": 9, "excluded_lines": 0, "percent_statements_covered": 88.46153846153847, "percent_statements_covered_display": "88"}, "missing_lines": [48, 49, 50, 51, 82, 83, 119, 120, 121], "excluded_lines": [], "functions": {"Character.__init__": {"executed_lines": [37, 38, 39, 40, 42, 43, 44, 46, 47, 53, 55, 56, 57, 58, 61, 62, 63, 65], "summary": {"covered_lines": 18, "num_statements": 22, "percent_covered": 81.81818181818181, "percent_covered_display": "82", "missing_lines": 4, "excluded_lines": 0, "percent_statements_covered": 81.81818181818181, "percent_statements_covered_display": "82"}, "missing_lines": [48, 49, 50, 51], "excluded_lines": [], "start_line": 17}, "Character.respond": {"executed_lines": [80, 81, 85, 86, 87, 88, 89, 90, 91, 93, 95, 96, 97, 99, 103, 105, 111, 112], "summary": {"covered_lines": 18, "num_statements": 20, "percent_covered": 90.0, "percent_covered_display": "90", "missing_lines": 2, "excluded_lines": 0, "percent_statements_covered": 90.0, "percent_statements_covered_display": "90"}, "missing_lines": [82, 83], "excluded_lines": [], "start_line": 67}, "Character._build_system_prompt": {"executed_lines": [117, 118, 123, 124, 126, 132, 133], "summary": {"covered_lines": 7, "num_statements": 10, "percent_covered": 70.0, "percent_covered_display": "70", "missing_lines": 3, "excluded_lines": 0, "percent_statements_covered": 70.0, "percent_statements_covered_display": "70"}, "missing_lines": [119, 120, 121], "excluded_lines": [], "start_line": 114}, "Character._rewrite_query": {"executed_lines": [141, 142, 143, 144, 145, 147, 155, 156, 157], "summary": {"covered_lines": 9, "num_statements": 9, "percent_covered": 100.0, "percent_covered_display": "100", "missing_lines": 0, "excluded_lines": 0, "percent_statements_covered": 100.0, "percent_statements_covered_display": "100"}, "missing_lines": [], "excluded_lines": [], "start_line": 135}, "Character._update_history": {"executed_lines": [162, 163, 165, 166], "summary": {"covered_lines": 4, "num_statements": 4, "percent_covered": 100.0, "percent_covered_display": "100", "missing_lines": 0, "excluded_lines": 0, "percent_statements_covered": 100.0, "percent_statements_covered_display": "100"}, "missing_lines": [], "excluded_lines": [], "start_line": 159}, "Character.clear_history": {"executed_lines": [171, 172, 173], "summary": {"covered_lines": 3, "num_statements": 3, "percent_covered": 100.0, "percent_covered_display": "100", "missing_lines": 0, "excluded_lines": 0, "percent_statements_covered": 100.0, "percent_statements_covered_display": "100"}, "missing_lines": [], "excluded_lines": [], "start_line": 168}, "": {"executed_lines": [3, 4, 6, 9, 17, 67, 114, 135, 159, 168], "summary": {"covered_lines": 10, "num_statements": 10, "percent_covered": 100.0, "percent_covered_display": "100", "missing_lines": 0, "excluded_lines": 0, "percent_statements_covered": 100.0, "percent_statements_covered_display": "100"}, "missing_lines": [], "excluded_lines": [], "start_line": 1}}, "classes": {"Character": {"executed_lines": [37, 38, 39, 40, 42, 43, 44, 46, 47, 53, 55, 56, 57, 58, 61, 62, 63, 65, 80, 81, 85, 86, 87, 88, 89, 90, 91, 93, 95, 96, 97, 99, 103, 105, 111, 112, 117, 118, 123, 124, 126, 132, 133, 141, 142, 143, 144, 145, 147, 155, 156, 157, 162, 163, 165, 166, 171, 172, 173], "summary": {"covered_lines": 59, "num_statements": 68, "percent_covered": 86.76470588235294, "percent_covered_display": "87", "missing_lines": 9, "excluded_lines": 0, "percent_statements_covered": 86.76470588235294, "percent_statements_covered_display": "87"}, "missing_lines": [48, 49, 50, 51, 82, 83, 119, 120, 121], "excluded_lines": [], "start_line": 9}, "": {"executed_lines": [3, 4, 6, 9, 17, 67, 114, 135, 159, 168], "summary": {"covered_lines": 10, "num_statements": 10, "percent_covered": 100.0, "percent_covered_display": "100", "missing_lines": 0, "excluded_lines": 0, "percent_statements_covered": 100.0, "percent_statements_covered_display": "100"}, "missing_lines": [], "excluded_lines": [], "start_line": 1}}}, "core/conversation_logger.py": {"executed_lines": [3, 5, 6, 7, 8, 11, 14, 20, 21, 22, 23, 25, 34, 35, 38, 44, 45, 47, 62, 63, 65, 67, 68, 70, 71, 73, 74, 76, 83, 84, 86, 87, 88, 89, 90, 92, 93, 95, 108, 111, 113, 119, 120, 121, 122, 124, 126, 127, 129, 131, 132, 134, 140, 141, 143, 144, 146, 147, 149, 150, 151, 152, 154, 155, 157], "summary": {"covered_lines": 65, "num_statements": 66, "percent_covered": 98.48484848484848, "percent_covered_display": "98", "missing_lines": 1, "excluded_lines": 0, "percent_statements_covered": 98.48484848484848, "percent_statements_covered_display": "98"}, "missing_lines": [109], "excluded_lines": [], "functions": {"ConversationLogger.__init__": {"executed_lines": [20, 21, 22, 23], "summary": {"covered_lines": 4, "num_statements": 4, "percent_covered": 100.0, "percent_covered_display": "100", "missing_lines": 0, "excluded_lines": 0, "percent_statements_covered": 100.0, "percent_statements_covered_display": "100"}, "missing_lines": [], "excluded_lines": [], "start_line": 14}, "ConversationLogger.start_session": {"executed_lines": [34, 35, 38, 44, 45], "summary": {"covered_lines": 5, "num_statements": 5, "percent_covered": 100.0, "percent_covered_display": "100", "missing_lines": 0, "excluded_lines": 0, "percent_statements_covered": 100.0, "percent_statements_covered_display": "100"}, "missing_lines": [], "excluded_lines": [], "start_line": 25}, "ConversationLogger.log_message": {"executed_lines": [62, 63, 65, 67, 68, 70, 71, 73, 74], "summary": {"covered_lines": 9, "num_statements": 9, "percent_covered": 100.0, "percent_covered_display": "100", "missing_lines": 0, "excluded_lines": 0, "percent_statements_covered": 100.0, "percent_statements_covered_display": "100"}, "missing_lines": [], "excluded_lines": [], "start_line": 47}, "ConversationLogger.log_command": {"executed_lines": [83, 84, 86, 87, 88, 89, 90, 92, 93], "summary": {"covered_lines": 9, "num_statements": 9, "percent_covered": 100.0, "percent_covered_display": "100", "missing_lines": 0, "excluded_lines": 0, "percent_statements_covered": 100.0, "percent_statements_covered_display": "100"}, "missing_lines": [], "excluded_lines": [], "start_line": 76}, "ConversationLogger.log_duo_dialogue": {"executed_lines": [108, 111, 113, 119, 120, 121, 122, 124, 126, 127, 129, 131, 132], "summary": {"covered_lines": 13, "num_statements": 14, "percent_covered": 92.85714285714286, "percent_covered_display": "93", "missing_lines": 1, "excluded_lines": 0, "percent_statements_covered": 92.85714285714286, "percent_statements_covered_display": "93"}, "missing_lines": [109], "excluded_lines": [], "start_line": 95}, "ConversationLogger.end_session": {"executed_lines": [140, 141, 143, 144, 146, 147, 149, 150, 151, 152], "summary": {"covered_lines": 10, "num_statements": 10, "percent_covered": 100.0, "percent_covered_display": "100", "missing_lines": 0, "excluded_lines": 0, "percent_statements_covered": 100.0, "percent_statements_covered_display": "100"}, "missing_lines": [], "excluded_lines": [], "start_line": 134}, "ConversationLogger.current_log_path": {"executed_lines": [157], "summary": {"covered_lines": 1, "num_statements": 1, "percent_covered": 100.0, "percent_covered_display": "100", "missing_lines": 0, "excluded_lines": 0, "percent_statements_covered": 100.0, "percent_statements_covered_display": "100"}, "missing_lines": [], "excluded_lines": [], "start_line": 155}, "": {"executed_lines": [3, 5, 6, 7, 8, 11, 14, 25, 47, 76, 95, 134, 154, 155], "summary": {"covered_lines": 14, "num_statements": 14, "percent_covered": 100.0, "percent_covered_display": "100", "missing_lines": 0, "excluded_lines": 0, "percent_statements_covered": 100.0, "percent_statements_covered_display": "100"}, "missing_lines": [], "excluded_lines": [], "start_line": 1}}, "classes": {"ConversationLogger": {"executed_lines": [20, 21, 22, 23, 34, 35, 38, 44, 45, 62, 63, 65, 67, 68, 70, 71, 73, 74, 83, 84, 86, 87, 88, 89, 90, 92, 93, 108, 111, 113, 119, 120, 121, 122, 124, 126, 127, 129, 131, 132, 140, 141, 143, 144, 146, 147, 149, 150, 151, 152, 157], "summary": {"covered_lines": 51, "num_statements": 52, "percent_covered": 98.07692307692308, "percent_covered_display": "98", "missing_lines": 1, "excluded_lines": 0, "percent_statements_covered": 98.07692307692308, "percent_statements_covered_display": "98"}, "missing_lines": [109], "excluded_lines": [], "start_line": 11}, "": {"executed_lines": [3, 5, 6, 7, 8, 11, 14, 25, 47, 76, 95, 134, 154, 155], "summary": {"covered_lines": 14, "num_statements": 14, "percent_covered": 100.0, "percent_covered_display": "100", "missing_lines": 0, "excluded_lines": 0, "percent_statements_covered": 100.0, "percent_statements_covered_display": "100"}, "missing_lines": [], "excluded_lines": [], "start_line": 1}}}, "core/duo_dialogue.py": {"executed_lines": [3, 5, 6, 7, 13, 16, 17, 18, 19, 20, 23, 24, 30, 31, 32, 35, 36, 37, 38, 41, 42, 43, 45, 47, 48, 49, 53, 55, 61, 62, 63, 64, 66, 72, 73, 75, 77, 81, 83, 85, 91, 92, 93, 95, 96, 97, 99, 101, 109, 113, 114, 115, 116, 118, 120, 126, 128, 129, 130, 132, 133, 134, 135, 137, 138, 140, 142, 148, 149, 151, 153, 162, 165, 166, 168, 170, 173, 174, 175, 176, 179, 180, 181, 182, 183, 184, 186], "summary": {"covered_lines": 87, "num_statements": 88, "percent_covered": 98.86363636363636, "percent_covered_display": "99", "missing_lines": 1, "excluded_lines": 2, "percent_statements_covered": 98.86363636363636, "percent_statements_covered_display": "99"}, "missing_lines": [110], "excluded_lines": [9, 10], "functions": {"DuoDialogueManager.__post_init__": {"executed_lines": [47, 48, 49, 53], "summary": {"covered_lines": 4, "num_statements": 4, "percent_covered": 100.0, "percent_covered_display": "100", "missing_lines": 0, "excluded_lines": 0, "percent_statements_covered": 100.0, "percent_statements_covered_display": "100"}, "missing_lines": [], "excluded_lines": [], "start_line": 45}, "DuoDialogueManager.start_dialogue": {"executed_lines": [61, 62, 63, 64], "summary": {"covered_lines": 4, "num_statements": 4, "percent_covered": 100.0, "percent_covered_display": "100", "missing_lines": 0, "excluded_lines": 0, "percent_statements_covered": 100.0, "percent_statements_covered_display": "100"}, "missing_lines": [], "excluded_lines": [], "start_line": 55}, "DuoDialogueManager.next_turn": {"executed_lines": [72, 73, 75, 77, 81, 83], "summary": {"covered_lines": 6, "num_statements": 6, "percent_covered": 100.0, "percent_covered_display": "100", "missing_lines": 0, "excluded_lines": 0, "percent_statements_covered": 100.0, "percent_statements_covered_display": "100"}, "missing_lines": [], "excluded_lines": [], "start_line": 66}, "DuoDialogueManager.should_continue": {"executed_lines": [91, 92, 93, 95, 96, 97, 99], "summary": {"covered_lines": 7, "num_statements": 7, "percent_covered": 100.0, "percent_covered_display": "100", "missing_lines": 0, "excluded_lines": 0, "percent_statements_covered": 100.0, "percent_statements_covered_display": "100"}, "missing_lines": [], "excluded_lines": [], "start_line": 85}, "DuoDialogueManager.check_convergence": {"executed_lines": [109, 113, 114, 115, 116, 118], "summary": {"covered_lines": 6, "num_statements": 7, "percent_covered": 85.71428571428571, "percent_covered_display": "86", "missing_lines": 1, "excluded_lines": 0, "percent_statements_covered": 85.71428571428571, "percent_statements_covered_display": "86"}, "missing_lines": [110], "excluded_lines": [], "start_line": 101}, "DuoDialogueManager.get_summary": {"executed_lines": [126, 128, 129, 130, 132, 133, 134, 135, 137, 138, 140], "summary": {"covered_lines": 11, "num_statements": 11, "percent_covered": 100.0, "percent_covered_display": "100", "missing_lines": 0, "excluded_lines": 0, "percent_statements_covered": 100.0, "percent_statements_covered_display": "100"}, "missing_lines": [], "excluded_lines": [], "start_line": 120}, "DuoDialogueManager._get_current_speaker": {"executed_lines": [148, 149, 151], "summary": {"covered_lines": 3, "num_statements": 3, "percent_covered": 100.0, "percent_covered_display": "100", "missing_lines": 0, "excluded_lines": 0, "percent_statements_covered": 100.0, "percent_statements_covered_display": "100"}, "missing_lines": [], "excluded_lines": [], "start_line": 142}, "DuoDialogueManager._build_context_for_speaker": {"executed_lines": [162, 165, 166, 168, 170, 173, 174, 175, 176, 179, 180, 181, 182, 183, 184, 186], "summary": {"covered_lines": 16, "num_statements": 16, "percent_covered": 100.0, "percent_covered_display": "100", "missing_lines": 0, "excluded_lines": 0, "percent_statements_covered": 100.0, "percent_statements_covered_display": "100"}, "missing_lines": [], "excluded_lines": [], "start_line": 153}, "": {"executed_lines": [3, 5, 6, 7, 13, 16, 17, 18, 19, 20, 23, 24, 30, 31, 32, 35, 36, 37, 38, 41, 42, 43, 45, 55, 66, 85, 101, 120, 142, 153], "summary": {"covered_lines": 30, "num_statements": 30, "percent_covered": 100.0, "percent_covered_display": "100", "missing_lines": 0, "excluded_lines": 2, "percent_statements_covered": 100.0, "percent_statements_covered_display": "100"}, "missing_lines": [], "excluded_lines": [9, 10], "start_line": 1}}, "classes": {"DialogueState": {"executed_lines": [], "summary": {"covered_lines": 0, "num_statements": 0, "percent_covered": 100.0, "percent_covered_display": "100", "missing_lines": 0, "excluded_lines": 0, "percent_statements_covered": 100.0, "percent_statements_covered_display": "100"}, "missing_lines": [], "excluded_lines": [], "start_line": 13}, "DuoDialogueManager": {"executed_lines": [47, 48, 49, 53, 61, 62, 63, 64, 72, 73, 75, 77, 81, 83, 91, 92, 93, 95, 96, 97, 99, 109, 113, 114, 115, 116, 118, 126, 128, 129, 130, 132, 133, 134, 135, 137, 138, 140, 148, 149, 151, 162, 165, 166, 168, 170, 173, 174, 175, 176, 179, 180, 181, 182, 183, 184, 186], "summary": {"covered_lines": 57, "num_statements": 58, "percent_covered": 98.27586206896552, "percent_covered_display": "98", "missing_lines": 1, "excluded_lines": 0, "percent_statements_covered": 98.27586206896552, "percent_statements_covered_display": "98"}, "missing_lines": [110], "excluded_lines": [], "start_line": 24}, "": {"executed_lines": [3, 5, 6, 7, 13, 16, 17, 18, 19, 20, 23, 24, 30, 31, 32, 35, 36, 37, 38, 41, 42, 43, 45, 55, 66, 85, 101, 120, 142, 153], "summary": {"covered_lines": 30, "num_statements": 30, "percent_covered": 100.0, "percent_covered_display": "100", "missing_lines": 0, "excluded_lines": 2, "percent_statements_covered": 100.0, "percent_statements_covered_display": "100"}, "missing_lines": [], "excluded_lines": [9, 10], "start_line": 1}}}, "core/ollama_client.py": {"executed_lines": [3, 4, 5, 6, 7, 10, 24, 38, 39, 40, 41, 44, 50, 52, 77, 78, 79, 85, 87, 88, 92, 94, 95, 96, 98, 99, 104, 118, 119, 120, 126, 133, 135, 139], "summary": {"covered_lines": 34, "num_statements": 40, "percent_covered": 85.0, "percent_covered_display": "85", "missing_lines": 6, "excluded_lines": 0, "percent_statements_covered": 85.0, "percent_statements_covered_display": "85"}, "missing_lines": [102, 122, 123, 124, 140, 141], "excluded_lines": [], "functions": {"OllamaClient.__init__": {"executed_lines": [38, 39, 40, 41, 44, 50], "summary": {"covered_lines": 6, "num_statements": 6, "percent_covered": 100.0, "percent_covered_display": "100", "missing_lines": 0, "excluded_lines": 0, "percent_statements_covered": 100.0, "percent_statements_covered_display": "100"}, "missing_lines": [], "excluded_lines": [], "start_line": 24}, "OllamaClient.generate": {"executed_lines": [77, 78, 79, 85, 87, 88, 92, 94, 95, 96, 98, 99], "summary": {"covered_lines": 12, "num_statements": 13, "percent_covered": 92.3076923076923, "percent_covered_display": "92", "missing_lines": 1, "excluded_lines": 0, "percent_statements_covered": 92.3076923076923, "percent_statements_covered_display": "92"}, "missing_lines": [102], "excluded_lines": [], "start_line": 52}, "OllamaClient.embed": {"executed_lines": [118, 119, 120], "summary": {"covered_lines": 3, "num_statements": 6, "percent_covered": 50.0, "percent_covered_display": "50", "missing_lines": 3, "excluded_lines": 0, "percent_statements_covered": 50.0, "percent_statements_covered_display": "50"}, "missing_lines": [122, 123, 124], "excluded_lines": [], "start_line": 104}, "OllamaClient.is_healthy": {"executed_lines": [133, 135, 139], "summary": {"covered_lines": 3, "num_statements": 5, "percent_covered": 60.0, "percent_covered_display": "60", "missing_lines": 2, "excluded_lines": 0, "percent_statements_covered": 60.0, "percent_statements_covered_display": "60"}, "missing_lines": [140, 141], "excluded_lines": [], "start_line": 126}, "": {"executed_lines": [3, 4, 5, 6, 7, 10, 24, 52, 104, 126], "summary": {"covered_lines": 10, "num_statements": 10, "percent_covered": 100.0, "percent_covered_display": "100", "missing_lines": 0, "excluded_lines": 0, "percent_statements_covered": 100.0, "percent_statements_covered_display": "100"}, "missing_lines": [], "excluded_lines": [], "start_line": 1}}, "classes": {"OllamaClient": {"executed_lines": [38, 39, 40, 41, 44, 50, 77, 78, 79, 85, 87, 88, 92, 94, 95, 96, 98, 99, 118, 119, 120, 133, 135, 139], "summary": {"covered_lines": 24, "num_statements": 30, "percent_covered": 80.0, "percent_covered_display": "80", "missing_lines": 6, "excluded_lines": 0, "percent_statements_covered": 80.0, "percent_statements_covered_display": "80"}, "missing_lines": [102, 122, 123, 124, 140, 141], "excluded_lines": [], "start_line": 10}, "": {"executed_lines": [3, 4, 5, 6, 7, 10, 24, 52, 104, 126], "summary": {"covered_lines": 10, "num_statements": 10, "percent_covered": 100.0, "percent_covered_display": "100", "missing_lines": 0, "excluded_lines": 0, "percent_statements_covered": 100.0, "percent_statements_covered_display": "100"}, "missing_lines": [], "excluded_lines": [], "start_line": 1}}}, "core/prompt_builder.py": {"executed_lines": [3, 5, 6, 7, 9, 13, 39, 42, 43, 70, 71, 86, 87, 90, 91, 92, 93, 94, 95, 96, 97, 98, 101, 104, 105, 118, 121, 122, 124, 125, 127, 129, 131, 133, 136, 138, 141, 143, 145, 147, 149, 152, 155, 156, 159, 162, 163, 164, 165, 166, 169, 177, 178, 179, 186, 189, 190, 191, 193, 194, 197, 198, 199, 200, 201, 203, 204, 205, 206, 207, 208, 209, 212, 213, 214, 215, 216, 219, 220, 221, 223, 224, 227, 230, 233, 234, 235, 237, 238, 239, 240, 243, 244, 245, 246, 249, 253, 254, 256], "summary": {"covered_lines": 99, "num_statements": 109, "percent_covered": 90.8256880733945, "percent_covered_display": "91", "missing_lines": 10, "excluded_lines": 0, "percent_statements_covered": 90.8256880733945, "percent_statements_covered_display": "91"}, "missing_lines": [83, 130, 132, 134, 137, 142, 144, 146, 148, 250], "excluded_lines": [], "functions": {"get_character_constraints": {"executed_lines": [42, 43, 70, 71], "summary": {"covered_lines": 4, "num_statements": 5, "percent_covered": 80.0, "percent_covered_display": "80", "missing_lines": 1, "excluded_lines": 0, "percent_statements_covered": 80.0, "percent_statements_covered_display": "80"}, "missing_lines": [83], "excluded_lines": [], "start_line": 39}, "load_persona": {"executed_lines": [104, 105], "summary": {"covered_lines": 2, "num_statements": 2, "percent_covered": 100.0, "percent_covered_display": "100", "missing_lines": 0, "excluded_lines": 0, "percent_statements_covered": 100.0, "percent_statements_covered_display": "100"}, "missing_lines": [], "excluded_lines": [], "start_line": 101}, "guess_state": {"executed_lines": [121, 122, 124, 127, 129, 131, 133, 136, 138, 141, 143, 145, 147, 149], "summary": {"covered_lines": 14, "num_statements": 22, "percent_covered": 63.63636363636363, "percent_covered_display": "64", "missing_lines": 8, "excluded_lines": 0, "percent_statements_covered": 63.63636363636363, "percent_statements_covered_display": "64"}, "missing_lines": [130, 132, 134, 137, 142, 144, 146, 148], "excluded_lines": [], "start_line": 118}, "guess_state._match": {"executed_lines": [125], "summary": {"covered_lines": 1, "num_statements": 1, "percent_covered": 100.0, "percent_covered_display": "100", "missing_lines": 0, "excluded_lines": 0, "percent_statements_covered": 100.0, "percent_statements_covered_display": "100"}, "missing_lines": [], "excluded_lines": [], "start_line": 124}, "load_few_shot_patterns": {"executed_lines": [155, 156], "summary": {"covered_lines": 2, "num_statements": 2, "percent_covered": 100.0, "percent_covered_display": "100", "missing_lines": 0, "excluded_lines": 0, "percent_statements_covered": 100.0, "percent_statements_covered_display": "100"}, "missing_lines": [], "excluded_lines": [], "start_line": 152}, "select_few_shot": {"executed_lines": [162, 163, 164, 165, 166], "summary": {"covered_lines": 5, "num_statements": 5, "percent_covered": 100.0, "percent_covered_display": "100", "missing_lines": 0, "excluded_lines": 0, "percent_statements_covered": 100.0, "percent_statements_covered_display": "100"}, "missing_lines": [], "excluded_lines": [], "start_line": 159}, "build_system_prompt": {"executed_lines": [177, 178, 179, 186, 189, 190, 191, 193, 194, 197, 198, 199, 200, 201, 203, 204, 205, 206, 207, 208, 209, 212, 213, 214, 215, 216, 219, 220, 221, 223, 224, 227, 230, 233, 234, 235, 237, 238, 239, 240, 243, 244, 245, 246, 249, 253, 254, 256], "summary": {"covered_lines": 48, "num_statements": 49, "percent_covered": 97.95918367346938, "percent_covered_display": "98", "missing_lines": 1, "excluded_lines": 0, "percent_statements_covered": 97.95918367346938, "percent_statements_covered_display": "98"}, "missing_lines": [250], "excluded_lines": [], "start_line": 169}, "": {"executed_lines": [3, 5, 6, 7, 9, 13, 39, 86, 87, 90, 91, 92, 93, 94, 95, 96, 97, 98, 101, 118, 152, 159, 169], "summary": {"covered_lines": 23, "num_statements": 23, "percent_covered": 100.0, "percent_covered_display": "100", "missing_lines": 0, "excluded_lines": 0, "percent_statements_covered": 100.0, "percent_statements_covered_display": "100"}, "missing_lines": [], "excluded_lines": [], "start_line": 1}}, "classes": {"Persona": {"executed_lines": [], "summary": {"covered_lines": 0, "num_statements": 0, "percent_covered": 100.0, "percent_covered_display": "100", "missing_lines": 0, "excluded_lines": 0, "percent_statements_covered": 100.0, "percent_statements_covered_display": "100"}, "missing_lines": [], "excluded_lines": [], "start_line": 87}, "": {"executed_lines": [3, 5, 6, 7, 9, 13, 39, 42, 43, 70, 71, 86, 87, 90, 91, 92, 93, 94, 95, 96, 97, 98, 101, 104, 105, 118, 121, 122, 124, 125, 127, 129, 131, 133, 136, 138, 141, 143, 145, 147, 149, 152, 155, 156, 159, 162, 163, 164, 165, 166, 169, 177, 178, 179, 186, 189, 190, 191, 193, 194, 197, 198, 199, 200, 201, 203, 204, 205, 206, 207, 208, 209, 212, 213, 214, 215, 216, 219, 220, 221, 223, 224, 227, 230, 233, 234, 235, 237, 238, 239, 240, 243, 244, 245, 246, 249, 253, 254, 256], "summary": {"covered_lines": 99, "num_statements": 109, "percent_covered": 90.8256880733945, "percent_covered_display": "91", "missing_lines": 10, "excluded_lines": 0, "percent_statements_covered": 90.8256880733945, "percent_statements_covered_display": "91"}, "missing_lines": [83, 130, 132, 134, 137, 142, 144, 146, 148, 250], "excluded_lines": [], "start_line": 1}}}, "core/rag_engine.py": {"executed_lines": [3, 4, 5, 6, 7, 10, 24, 36, 37, 38, 41, 42, 45, 50, 52, 61, 65, 66, 69, 70, 71, 72, 75, 82, 84, 111, 112, 115, 118, 125, 126, 127, 128, 136, 137, 139, 159, 163, 165, 166, 168, 173, 174, 177, 180, 181, 182, 183, 184, 187, 189, 191, 206, 208, 209, 211, 212, 213, 214, 215, 218, 219, 220, 221, 222, 223, 224, 226, 228, 229, 231], "summary": {"covered_lines": 71, "num_statements": 76, "percent_covered": 93.42105263157895, "percent_covered_display": "93", "missing_lines": 5, "excluded_lines": 1, "percent_statements_covered": 93.42105263157895, "percent_statements_covered_display": "93"}, "missing_lines": [62, 160, 161, 169, 170], "excluded_lines": [90], "functions": {"RAGEngine.__init__": {"executed_lines": [36, 37, 38, 41, 42, 45, 50], "summary": {"covered_lines": 7, "num_statements": 7, "percent_covered": 100.0, "percent_covered_display": "100", "missing_lines": 0, "excluded_lines": 0, "percent_statements_covered": 100.0, "percent_statements_covered_display": "100"}, "missing_lines": [], "excluded_lines": [], "start_line": 24}, "RAGEngine.add_knowledge": {"executed_lines": [61, 65, 66, 69, 70, 71, 72, 75, 82], "summary": {"covered_lines": 9, "num_statements": 10, "percent_covered": 90.0, "percent_covered_display": "90", "missing_lines": 1, "excluded_lines": 0, "percent_statements_covered": 90.0, "percent_statements_covered_display": "90"}, "missing_lines": [62], "excluded_lines": [], "start_line": 52}, "RAGEngine.search": {"executed_lines": [111, 112, 115, 118, 125, 126, 127, 128, 136, 137], "summary": {"covered_lines": 10, "num_statements": 10, "percent_covered": 100.0, "percent_covered_display": "100", "missing_lines": 0, "excluded_lines": 1, "percent_statements_covered": 100.0, "percent_statements_covered_display": "100"}, "missing_lines": [], "excluded_lines": [90], "start_line": 84}, "RAGEngine.init_from_files": {"executed_lines": [159, 163, 165, 166, 168, 173, 174, 177, 180, 181, 182, 183, 184, 187, 189], "summary": {"covered_lines": 15, "num_statements": 19, "percent_covered": 78.94736842105263, "percent_covered_display": "79", "missing_lines": 4, "excluded_lines": 0, "percent_statements_covered": 78.94736842105263, "percent_statements_covered_display": "79"}, "missing_lines": [160, 161, 169, 170], "excluded_lines": [], "start_line": 139}, "RAGEngine._chunk_text": {"executed_lines": [206, 208, 209, 211, 212, 213, 214, 215, 218, 219, 220, 221, 222, 223, 224, 226, 228, 229, 231], "summary": {"covered_lines": 19, "num_statements": 19, "percent_covered": 100.0, "percent_covered_display": "100", "missing_lines": 0, "excluded_lines": 0, "percent_statements_covered": 100.0, "percent_statements_covered_display": "100"}, "missing_lines": [], "excluded_lines": [], "start_line": 191}, "": {"executed_lines": [3, 4, 5, 6, 7, 10, 24, 52, 84, 139, 191], "summary": {"covered_lines": 11, "num_statements": 11, "percent_covered": 100.0, "percent_covered_display": "100", "missing_lines": 0, "excluded_lines": 0, "percent_statements_covered": 100.0, "percent_statements_covered_display": "100"}, "missing_lines": [], "excluded_lines": [], "start_line": 1}}, "classes": {"RAGEngine": {"executed_lines": [36, 37, 38, 41, 42, 45, 50, 61, 65, 66, 69, 70, 71, 72, 75, 82, 111, 112, 115, 118, 125, 126, 127, 128, 136, 137, 159, 163, 165, 166, 168, 173, 174, 177, 180, 181, 182, 183, 184, 187, 189, 206, 208, 209, 211, 212, 213, 214, 215, 218, 219, 220, 221, 222, 223, 224, 226, 228, 229, 231], "summary": {"covered_lines": 60, "num_statements": 65, "percent_covered": 92.3076923076923, "percent_covered_display": "92", "missing_lines": 5, "excluded_lines": 1, "percent_statements_covered": 92.3076923076923, "percent_statements_covered_display": "92"}, "missing_lines": [62, 160, 161, 169, 170], "excluded_lines": [90], "start_line": 10}, "": {"executed_lines": [3, 4, 5, 6, 7, 10, 24, 52, 84, 139, 191], "summary": {"covered_lines": 11, "num_statements": 11, "percent_covered": 100.0, "percent_covered_display": "100", "missing_lines": 0, "excluded_lines": 0, "percent_statements_covered": 100.0, "percent_statements_covered_display": "100"}, "missing_lines": [], "excluded_lines": [], "start_line": 1}}}}, "totals": {"covered_lines": 425, "num_statements": 457, "percent_covered": 92.99781181619257, "percent_covered_display": "93", "missing_lines": 32, "excluded_lines": 3, "percent_statements_covered": 92.99781181619257, "percent_statements_covered_display": "93"}}